<?xml version="1.0" encoding="UTF-8"?>
<!-- Generated by org.testng.reporters.JUnitReportReporter -->
<testsuite hostname="DESKTOP-MCF4SQC" failures="0" tests="1" name="convertTestNG.Createlead" time="25.745" errors="0" timestamp="2022-05-29T21:48:12 EDT" skipped="0">
  <testcase classname="convertTestNG.Createlead" name="CreateLead" time="25.745"/>
</testsuite> <!-- convertTestNG.Createlead -->
