<?xml version="1.0" encoding="UTF-8"?>
<!-- Generated by org.testng.reporters.JUnitReportReporter -->
<testsuite hostname="DESKTOP-MCF4SQC" failures="0" tests="1" name="TC_implementinheritanceConcept.DeleteLead" time="17.171" errors="0" timestamp="2022-05-20T23:40:14 EDT" skipped="0">
  <testcase classname="TC_implementinheritanceConcept.DeleteLead" name="deleteLead" time="17.171"/>
</testsuite> <!-- TC_implementinheritanceConcept.DeleteLead -->
