<?xml version="1.0" encoding="UTF-8"?>
<!-- Generated by org.testng.reporters.JUnitReportReporter -->
<testsuite hostname="DESKTOP-MCF4SQC" failures="0" tests="1" name="TC_implementinheritanceConcept.CreateLead" time="26.759" errors="0" timestamp="2022-05-01T19:29:48 EDT" skipped="0">
  <testcase classname="TC_implementinheritanceConcept.CreateLead" name="createLead" time="26.759"/>
</testsuite> <!-- TC_implementinheritanceConcept.CreateLead -->
