<?xml version="1.0" encoding="UTF-8"?>
<!-- Generated by org.testng.reporters.JUnitReportReporter -->
<testsuite hostname="DESKTOP-MCF4SQC" failures="0" tests="1" name="testNG_TestCases.CreateLead" time="26.322" errors="0" timestamp="2022-05-01T12:29:10 EDT" skipped="0">
  <testcase classname="testNG_TestCases.CreateLead" name="createLead" time="26.322"/>
</testsuite> <!-- testNG_TestCases.CreateLead -->
