<?xml version="1.0" encoding="UTF-8"?>
<!-- Generated by org.testng.reporters.JUnitReportReporter -->
<testsuite hostname="DESKTOP-MCF4SQC" failures="0" tests="2" name="tests.RunnerFile" time="0.102" errors="0" timestamp="2022-06-07T11:58:52 EDT" skipped="2">
  <testcase classname="tests.RunnerFile" name="runScenario" time="0.100">
    <skipped/>
  </testcase> <!-- runScenario -->
  <testcase classname="tests.RunnerFile" name="runScenario" time="0.002">
    <skipped/>
  </testcase> <!-- runScenario -->
</testsuite> <!-- tests.RunnerFile -->
