<?xml version="1.0" encoding="UTF-8"?>
<!-- Generated by org.testng.reporters.JUnitReportReporter -->
<testsuite hostname="DESKTOP-MCF4SQC" failures="0" tests="1" name="testNG_TestCases.DeleteLead" time="13.334" errors="0" timestamp="2022-05-01T18:42:38 EDT" skipped="0">
  <testcase classname="testNG_TestCases.DeleteLead" name="deleteLead" time="13.334"/>
</testsuite> <!-- testNG_TestCases.DeleteLead -->
