<?xml version="1.0" encoding="UTF-8"?>
<!-- Generated by org.testng.reporters.JUnitReportReporter -->
<testsuite hostname="DESKTOP-MCF4SQC" failures="0" tests="1" name="seleniumDemo.CreateLead" time="20.316" errors="0" timestamp="2022-05-18T23:24:00 EDT" skipped="0">
  <testcase classname="seleniumDemo.CreateLead" name="createLead" time="20.316"/>
</testsuite> <!-- seleniumDemo.CreateLead -->
