<?xml version="1.0" encoding="UTF-8"?>
<!-- Generated by org.testng.reporters.JUnitReportReporter -->
<testsuite hostname="DESKTOP-MCF4SQC" failures="0" tests="3" name="learnParameters.Parameter_CreateLead" time="63.659" errors="0" timestamp="2022-05-18T20:53:46 EDT" skipped="0">
  <testcase classname="learnParameters.Parameter_CreateLead" name="createLead" time="23.179"/>
  <testcase classname="learnParameters.Parameter_CreateLead" name="createLead" time="21.173"/>
  <testcase classname="learnParameters.Parameter_CreateLead" name="createLead" time="19.307"/>
</testsuite> <!-- learnParameters.Parameter_CreateLead -->
