<?xml version="1.0" encoding="UTF-8"?>
<!-- Generated by org.testng.reporters.JUnitReportReporter -->
<testsuite hostname="DESKTOP-MCF4SQC" failures="0" tests="3" name="steps.RunnerFile" time="25.713" errors="0" timestamp="2022-06-11T01:09:34 EDT" skipped="0">
  <testcase classname="steps.RunnerFile" name="runScenario" time="3.810"/>
  <testcase classname="steps.RunnerFile" name="runScenario" time="2.531"/>
  <testcase classname="steps.RunnerFile" name="runScenario" time="19.372"/>
</testsuite> <!-- steps.RunnerFile -->
